
Elapsed times including step IDs:
JobID|JobName|Elapsed|ElapsedRaw
10599389|CSVR_T_220_B_1_S_1|03:03:48|11028
10599389.batch|batch|03:03:48|11028
10599389.extern|extern|03:03:48|11028
10599389.0|lmp|03:03:33|11013

JOB STATISTICS
==============
Job ID: 10599389
Cluster: snellius
User/Group: draju/draju
State: RUNNING
Nodes: 1
Cores per node: 32
CPU Utilized: 4-01:11:26
CPU Efficiency: 99.14% of 4-02:02:08 core-walltime
Job Wall-clock time: 03:03:49
Memory Utilized: 1.19 GB (estimated maximum)
Memory Efficiency: 2.13% of 56.00 GB (1.75 GB/core)
WARNING: Efficiency statistics may be misleading for RUNNING jobs.
